'use strict';
module.exports = {
  up: (queryInterface, Sequelize) => {
    return queryInterface.createTable('MyOrders', {
      id: {
        allowNull: false,
        autoIncrement: true,
        primaryKey: true,
        type: Sequelize.INTEGER
      },
      cusomterid: {
        type: Sequelize.INTEGER
      },
      createdAt: {
        allowNull: false,
        type: Sequelize.DATE
      },
      updatedAt: {
        allowNull: false,
        type: Sequelize.DATE
      }
    });
  },
  down: (queryInterface, Sequelize) => {
    return queryInterface.dropTable('MyOrders');
  }
};